-------------------------------------------------------------------------------
Test set: passoff.chess.extracredit.CastlingTests
-------------------------------------------------------------------------------
Tests run: 7, Failures: 4, Errors: 0, Skipped: 0, Time elapsed: 0.008 s <<< FAILURE! -- in passoff.chess.extracredit.CastlingTests
passoff.chess.extracredit.CastlingTests.castleBlack -- Time elapsed: 0.002 s <<< FAILURE!
org.opentest4j.AssertionFailedError: ChessGame validMoves did not contain valid castle move ==> expected: <true> but was: <false>
	at org.junit.jupiter.api.AssertionFailureBuilder.build(AssertionFailureBuilder.java:151)
	at org.junit.jupiter.api.AssertionFailureBuilder.buildAndThrow(AssertionFailureBuilder.java:132)
	at org.junit.jupiter.api.AssertEquals.failNotEqual(AssertEquals.java:197)
	at org.junit.jupiter.api.AssertEquals.assertEquals(AssertEquals.java:182)
	at org.junit.jupiter.api.Assertions.assertEquals(Assertions.java:1156)
	at passoff.chess.extracredit.CastlingTests.assertCanCastle(CastlingTests.java:339)
	at passoff.chess.extracredit.CastlingTests.assertBlackCanCastle(CastlingTests.java:335)
	at passoff.chess.extracredit.CastlingTests.castleBlack(CastlingTests.java:103)
	at java.base/java.lang.reflect.Method.invoke(Method.java:565)
	at java.base/java.util.ArrayList.forEach(ArrayList.java:1612)
	at java.base/java.util.ArrayList.forEach(ArrayList.java:1612)

passoff.chess.extracredit.CastlingTests.castleWhite -- Time elapsed: 0.001 s <<< FAILURE!
org.opentest4j.AssertionFailedError: ChessGame validMoves did not contain valid castle move ==> expected: <true> but was: <false>
	at org.junit.jupiter.api.AssertionFailureBuilder.build(AssertionFailureBuilder.java:151)
	at org.junit.jupiter.api.AssertionFailureBuilder.buildAndThrow(AssertionFailureBuilder.java:132)
	at org.junit.jupiter.api.AssertEquals.failNotEqual(AssertEquals.java:197)
	at org.junit.jupiter.api.AssertEquals.assertEquals(AssertEquals.java:182)
	at org.junit.jupiter.api.Assertions.assertEquals(Assertions.java:1156)
	at passoff.chess.extracredit.CastlingTests.assertCanCastle(CastlingTests.java:339)
	at passoff.chess.extracredit.CastlingTests.assertWhiteCanCastle(CastlingTests.java:323)
	at passoff.chess.extracredit.CastlingTests.castleWhite(CastlingTests.java:48)
	at java.base/java.lang.reflect.Method.invoke(Method.java:565)
	at java.base/java.util.ArrayList.forEach(ArrayList.java:1612)
	at java.base/java.util.ArrayList.forEach(ArrayList.java:1612)

passoff.chess.extracredit.CastlingTests.noCastleIntoCheck -- Time elapsed: 0.002 s <<< FAILURE!
org.opentest4j.AssertionFailedError: ChessGame validMoves did not contain valid castle move ==> expected: <true> but was: <false>
	at org.junit.jupiter.api.AssertionFailureBuilder.build(AssertionFailureBuilder.java:151)
	at org.junit.jupiter.api.AssertionFailureBuilder.buildAndThrow(AssertionFailureBuilder.java:132)
	at org.junit.jupiter.api.AssertEquals.failNotEqual(AssertEquals.java:197)
	at org.junit.jupiter.api.AssertEquals.assertEquals(AssertEquals.java:182)
	at org.junit.jupiter.api.Assertions.assertEquals(Assertions.java:1156)
	at passoff.chess.extracredit.CastlingTests.assertCanCastle(CastlingTests.java:342)
	at passoff.chess.extracredit.CastlingTests.assertWhiteCanCastle(CastlingTests.java:323)
	at passoff.chess.extracredit.CastlingTests.noCastleIntoCheck(CastlingTests.java:284)
	at java.base/java.lang.reflect.Method.invoke(Method.java:565)
	at java.base/java.util.ArrayList.forEach(ArrayList.java:1612)
	at java.base/java.util.ArrayList.forEach(ArrayList.java:1612)

passoff.chess.extracredit.CastlingTests.noCastleAfterMove -- Time elapsed: 0.001 s <<< FAILURE!
org.opentest4j.AssertionFailedError: ChessGame validMoves did not contain valid castle move ==> expected: <true> but was: <false>
	at org.junit.jupiter.api.AssertionFailureBuilder.build(AssertionFailureBuilder.java:151)
	at org.junit.jupiter.api.AssertionFailureBuilder.buildAndThrow(AssertionFailureBuilder.java:132)
	at org.junit.jupiter.api.AssertEquals.failNotEqual(AssertEquals.java:197)
	at org.junit.jupiter.api.AssertEquals.assertEquals(AssertEquals.java:182)
	at org.junit.jupiter.api.Assertions.assertEquals(Assertions.java:1156)
	at passoff.chess.extracredit.CastlingTests.assertCanCastle(CastlingTests.java:342)
	at passoff.chess.extracredit.CastlingTests.assertWhiteCanCastle(CastlingTests.java:323)
	at passoff.chess.extracredit.CastlingTests.noCastleAfterMove(CastlingTests.java:177)
	at java.base/java.lang.reflect.Method.invoke(Method.java:565)
	at java.base/java.util.ArrayList.forEach(ArrayList.java:1612)
	at java.base/java.util.ArrayList.forEach(ArrayList.java:1612)

