<?xml version="1.0" encoding="UTF-8"?>
<testsuite xmlns:xsi="http://www.w3.org/2001/XMLSchema-instance" xsi:noNamespaceSchemaLocation="https://maven.apache.org/surefire/maven-surefire-plugin/xsd/surefire-test-report-3.0.xsd" version="3.0" name="passoff.chess.extracredit.CastlingTests" time="0.008" tests="7" errors="0" skipped="0" failures="4">
  <properties>
[...]
</properties>
  <testcase name="noCastleThroughCheck" classname="passoff.chess.extracredit.CastlingTests" time="0.0"/>
  <testcase name="castleBlack" classname="passoff.chess.extracredit.CastlingTests" time="0.002">
    <failure message="ChessGame validMoves did not contain valid castle move ==&gt; expected: &lt;true&gt; but was: &lt;false&gt;" type="org.opentest4j.AssertionFailedError"><![CDATA[org.opentest4j.AssertionFailedError: ChessGame validMoves did not contain valid castle move ==> expected: <true> but was: <false>
	at org.junit.jupiter.api.AssertionFailureBuilder.build(AssertionFailureBuilder.java:151)
	at org.junit.jupiter.api.AssertionFailureBuilder.buildAndThrow(AssertionFailureBuilder.java:132)
	at org.junit.jupiter.api.AssertEquals.failNotEqual(AssertEquals.java:197)
	at org.junit.jupiter.api.AssertEquals.assertEquals(AssertEquals.java:182)
	at org.junit.jupiter.api.Assertions.assertEquals(Assertions.java:1156)
	at passoff.chess.extracredit.CastlingTests.assertCanCastle(CastlingTests.java:339)
	at passoff.chess.extracredit.CastlingTests.assertBlackCanCastle(CastlingTests.java:335)
	at passoff.chess.extracredit.CastlingTests.castleBlack(CastlingTests.java:103)
	at java.base/java.lang.reflect.Method.invoke(Method.java:565)
	at java.base/java.util.ArrayList.forEach(ArrayList.java:1612)
	at java.base/java.util.ArrayList.forEach(ArrayList.java:1612)
]]></failure>
  </testcase>
  <testcase name="castleWhite" classname="passoff.chess.extracredit.CastlingTests" time="0.001">
    <failure message="ChessGame validMoves did not contain valid castle move ==&gt; expected: &lt;true&gt; but was: &lt;false&gt;" type="org.opentest4j.AssertionFailedError"><![CDATA[org.opentest4j.AssertionFailedError: ChessGame validMoves did not contain valid castle move ==> expected: <true> but was: <false>
	at org.junit.jupiter.api.AssertionFailureBuilder.build(AssertionFailureBuilder.java:151)
	at org.junit.jupiter.api.AssertionFailureBuilder.buildAndThrow(AssertionFailureBuilder.java:132)
	at org.junit.jupiter.api.AssertEquals.failNotEqual(AssertEquals.java:197)
	at org.junit.jupiter.api.AssertEquals.assertEquals(AssertEquals.java:182)
	at org.junit.jupiter.api.Assertions.assertEquals(Assertions.java:1156)
	at passoff.chess.extracredit.CastlingTests.assertCanCastle(CastlingTests.java:339)
	at passoff.chess.extracredit.CastlingTests.assertWhiteCanCastle(CastlingTests.java:323)
	at passoff.chess.extracredit.CastlingTests.castleWhite(CastlingTests.java:48)
	at java.base/java.lang.reflect.Method.invoke(Method.java:565)
	at java.base/java.util.ArrayList.forEach(ArrayList.java:1612)
	at java.base/java.util.ArrayList.forEach(ArrayList.java:1612)
]]></failure>
  </testcase>
  <testcase name="noCastleThroughPieces" classname="passoff.chess.extracredit.CastlingTests" time="0.0"/>
  <testcase name="noCastleFromCheck" classname="passoff.chess.extracredit.CastlingTests" time="0.001"/>
  <testcase name="noCastleIntoCheck" classname="passoff.chess.extracredit.CastlingTests" time="0.002">
    <failure message="ChessGame validMoves did not contain valid castle move ==&gt; expected: &lt;true&gt; but was: &lt;false&gt;" type="org.opentest4j.AssertionFailedError"><![CDATA[org.opentest4j.AssertionFailedError: ChessGame validMoves did not contain valid castle move ==> expected: <true> but was: <false>
	at org.junit.jupiter.api.AssertionFailureBuilder.build(AssertionFailureBuilder.java:151)
	at org.junit.jupiter.api.AssertionFailureBuilder.buildAndThrow(AssertionFailureBuilder.java:132)
	at org.junit.jupiter.api.AssertEquals.failNotEqual(AssertEquals.java:197)
	at org.junit.jupiter.api.AssertEquals.assertEquals(AssertEquals.java:182)
	at org.junit.jupiter.api.Assertions.assertEquals(Assertions.java:1156)
	at passoff.chess.extracredit.CastlingTests.assertCanCastle(CastlingTests.java:342)
	at passoff.chess.extracredit.CastlingTests.assertWhiteCanCastle(CastlingTests.java:323)
	at passoff.chess.extracredit.CastlingTests.noCastleIntoCheck(CastlingTests.java:284)
	at java.base/java.lang.reflect.Method.invoke(Method.java:565)
	at java.base/java.util.ArrayList.forEach(ArrayList.java:1612)
	at java.base/java.util.ArrayList.forEach(ArrayList.java:1612)
]]></failure>
  </testcase>
  <testcase name="noCastleAfterMove" classname="passoff.chess.extracredit.CastlingTests" time="0.001">
    <failure message="ChessGame validMoves did not contain valid castle move ==&gt; expected: &lt;true&gt; but was: &lt;false&gt;" type="org.opentest4j.AssertionFailedError"><![CDATA[org.opentest4j.AssertionFailedError: ChessGame validMoves did not contain valid castle move ==> expected: <true> but was: <false>
	at org.junit.jupiter.api.AssertionFailureBuilder.build(AssertionFailureBuilder.java:151)
	at org.junit.jupiter.api.AssertionFailureBuilder.buildAndThrow(AssertionFailureBuilder.java:132)
	at org.junit.jupiter.api.AssertEquals.failNotEqual(AssertEquals.java:197)
	at org.junit.jupiter.api.AssertEquals.assertEquals(AssertEquals.java:182)
	at org.junit.jupiter.api.Assertions.assertEquals(Assertions.java:1156)
	at passoff.chess.extracredit.CastlingTests.assertCanCastle(CastlingTests.java:342)
	at passoff.chess.extracredit.CastlingTests.assertWhiteCanCastle(CastlingTests.java:323)
	at passoff.chess.extracredit.CastlingTests.noCastleAfterMove(CastlingTests.java:177)
	at java.base/java.lang.reflect.Method.invoke(Method.java:565)
	at java.base/java.util.ArrayList.forEach(ArrayList.java:1612)
	at java.base/java.util.ArrayList.forEach(ArrayList.java:1612)
]]></failure>
  </testcase>
</testsuite>