<?xml version="1.0" encoding="UTF-8"?>
<testsuite xmlns:xsi="http://www.w3.org/2001/XMLSchema-instance" xsi:noNamespaceSchemaLocation="https://maven.apache.org/surefire/maven-surefire-plugin/xsd/surefire-test-report-3.0.xsd" version="3.0" name="service.UserServiceTests" time="0.004" tests="6" errors="0" skipped="0" failures="0">
  <properties>
[...]
</properties>
  <testcase name="registerSuccess" classname="service.UserServiceTests" time="0.0"/>
  <testcase name="logoutSuccess" classname="service.UserServiceTests" time="0.001"/>
  <testcase name="logoutBadToken" classname="service.UserServiceTests" time="0.0"/>
  <testcase name="registerAlreadyTaken" classname="service.UserServiceTests" time="0.0"/>
  <testcase name="loginBadPassword" classname="service.UserServiceTests" time="0.001"/>
  <testcase name="loginSuccess" classname="service.UserServiceTests" time="0.0"/>
</testsuite>